*** Using Compiler 'V5.06 update 5 (build 528)', folder: 'D:\software\keil_\ARM\ARMCC\Bin'
Build target 'INMP441'
assembling startup_stm32f407xx.s...
compiling main.c...
compiling gpio.c...
compiling dcmi.c...
compiling dma.c...
compiling i2c.c...
compiling i2s.c...
compiling spi.c...
compiling usart.c...
compiling stm32f4xx_it.c...
compiling stm32f4xx_hal_msp.c...
compiling stm32f4xx_hal_dcmi.c...
compiling stm32f4xx_hal_dcmi_ex.c...
compiling stm32f4xx_hal_rcc.c...
compiling stm32f4xx_hal_rcc_ex.c...
compiling stm32f4xx_hal_flash.c...
compiling stm32f4xx_hal_flash_ex.c...
compiling stm32f4xx_hal_flash_ramfunc.c...
compiling stm32f4xx_hal_gpio.c...
compiling stm32f4xx_hal_dma_ex.c...
compiling stm32f4xx_hal_dma.c...
compiling stm32f4xx_hal_pwr.c...
compiling stm32f4xx_hal_pwr_ex.c...
compiling stm32f4xx_hal_cortex.c...
compiling stm32f4xx_hal.c...
compiling stm32f4xx_hal_exti.c...
compiling stm32f4xx_hal_i2c.c...
compiling stm32f4xx_hal_i2c_ex.c...
compiling stm32f4xx_hal_i2s.c...
compiling stm32f4xx_hal_i2s_ex.c...
compiling stm32f4xx_hal_spi.c...
compiling stm32f4xx_hal_uart.c...
compiling system_stm32f4xx.c...
compiling buffer.c...
compiling fftwrap.c...
compiling filterbank.c...
..\speexdsp-1.2rc3\libspeexdsp\math_approx.h(56): warning:  #1035-D: single-precision operand implicitly converted to double-precision
     ran.f -= 1.5;
..\speexdsp-1.2rc3\libspeexdsp\math_approx.h(57): warning:  #1035-D: single-precision operand implicitly converted to double-precision
     return 3.4642*std*ran.f;
..\speexdsp-1.2rc3\libspeexdsp\math_approx.h(318): warning:  #1035-D: single-precision operand implicitly converted to double-precision
     if (x<
PX_PI_2)
..\speexdsp-1.2rc3\libspeexdsp\math_approx.h(323): warning:  #1035-D: single-precision operand implicitly converted to double-precision
        x = 
_PI-x;
..\speexdsp-1.2rc3\libspeexdsp\filterbank.c: 4 warnings, 0 errors
compiling jitter.c...
compiling kiss_fft.c...
..\speexdsp-1.2rc3\libspeexdsp\math_approx.h(56): warning:  #1035-D: single-precision operand implicitly converted to double-precision
     ran.f -= 1.5;
..\speexdsp-1.2rc3\libspeexdsp\math_approx.h(57): warning:  #1035-D: single-precision operand implicitly converted to double-precision
     return 3.4642*std*ran.f;
..\speexdsp-1.2rc3\libspeexdsp\math_approx.h(318): warning:  #1035-D: single-precision operand implicitly converted to double-precision
     if (x<
PX_PI_2)
..\speexdsp-1.2rc3\libspeexdsp\math_approx.h(323): warning:  #1035-D: single-precision operand implicitly converted to double-precision
        x = 
_PI-x;
..\speexdsp-1.2rc3\libspeexdsp\kiss_fft.c(197): warning:  #1035-D: single-precision operand implicitly converted to double-precision
           Fout[m].r = Fout->r - 
ALF_OF(scratch[3].r);
..\speexdsp-1.2rc3\libspeexdsp\kiss_fft.c(198): warning:  #1035-D: single-precision operand implicitly converted to double-precision
           Fout[m].i = Fout->i - 
ALF_OF(scratch[3].i);
..\speexdsp-1.2rc3\libspeexdsp\kiss_fft.c: 6 warnings, 0 errors
compiling kiss_fftr.c...
..\speexdsp-1.2rc3\libspeexdsp\math_approx.h(56): warning:  #1035-D: single-precision operand implicitly converted to double-precision
     ran.f -= 1.5;
..\speexdsp-1.2rc3\libspeexdsp\math_approx.h(57): warning:  #1035-D: single-precision operand implicitly converted to double-precision
     return 3.4642*std*ran.f;
..\speexdsp-1.2rc3\libspeexdsp\math_approx.h(318): warning:  #1035-D: single-precision operand implicitly converted to double-precision
     if (x<
PX_PI_2)
..\speexdsp-1.2rc3\libspeexdsp\math_approx.h(323): warning:  #1035-D: single-precision operand implicitly converted to double-precision
        x = 
_PI-x;
..\speexdsp-1.2rc3\libspeexdsp\kiss_fftr.c(129): warning:  #1035-D: single-precision operand implicitly converted to double-precision
          freqdata[k].r = 
ALF_OF(f1k.r + tw.r);
..\speexdsp-1.2rc3\libspeexdsp\kiss_fftr.c(130): warning:  #1035-D: single-precision operand implicitly converted to double-precision
          freqdata[k].i = 
ALF_OF(f1k.i + tw.i);
..\speexdsp-1.2rc3\libspeexdsp\kiss_fftr.c(131): warning:  #1035-D: single-precision operand implicitly converted to double-precision
          freqdata[ncfft-k].r = 
ALF_OF(f1k.r - tw.r);
..\speexdsp-1.2rc3\libspeexdsp\kiss_fftr.c(132): warning:  #1035-D: single-precision operand implicitly converted to double-precision
          freqdata[ncfft-k].i = 
ALF_OF(tw.i - f1k.i);
..\speexdsp-1.2rc3\libspeexdsp\kiss_fftr.c: 8 warnings, 0 errors
compiling mdf.c...
..\speexdsp-1.2rc3\libspeexdsp\math_approx.h(56): warning:  #1035-D: single-precision operand implicitly converted to double-precision
     ran.f -= 1.5;
..\speexdsp-1.2rc3\libspeexdsp\math_approx.h(57): warning:  #1035-D: single-precision operand implicitly converted to double-precision
     return 3.4642*std*ran.f;
..\speexdsp-1.2rc3\libspeexdsp\math_approx.h(318): warning:  #1035-D: single-precision operand implicitly converted to double-precision
     if (x<
PX_PI_2)
..\speexdsp-1.2rc3\libspeexdsp\math_approx.h(323): warning:  #1035-D: single-precision operand implicitly converted to double-precision
        x = 
_PI-x;
..\speexdsp-1.2rc3\libspeexdsp\mdf.c(200): warning:  #1035-D: single-precision operand implicitly converted to double-precision
     den2 = radius*radius + .7*(1-radius)*(1-radius);
..\speexdsp-1.2rc3\libspeexdsp\mdf.c(984): warning:  #1035-D: single-precision operand implicitly converted to double-precision
           out[i*C+chan] = 
ORD2INT(tmp_out);
..\speexdsp-1.2rc3\libspeexdsp\mdf.c(1121): warning:  #1035-D: single-precision operand implicitly converted to double-precision
     RER = (.0001*Sxx + 3.*MULT16_32_Q15(st->leak_estimate,Syy)) / See;
..\speexdsp-1.2rc3\libspeexdsp\mdf.c(1121): warning:  #1035-D: single-precision operand implicitly converted to double-precision
     RER = (.0001*Sxx + 3.*
ULT16_32_Q15(st->leak_estimate,Syy)) / See;
..\speexdsp-1.2rc3\libspeexdsp\mdf.c(1125): warning:  #1035-D: single-precision operand implicitly converted to double-precision
     if (RER > .5)
..\speexdsp-1.2rc3\libspeexdsp\mdf.c(1148): warning:  #1035-D: single-precision operand implicitly converted to double-precision
           if (r>.5*e)
..\speexdsp-1.2rc3\libspeexdsp\mdf.c(1149): warning:  #1035-D: single-precision operand implicitly converted to double-precision
              r = .5*e;
..\speexdsp-1.2rc3\libspeexdsp\mdf.c(1151): warning:  #1035-D: single-precision operand implicitly converted to double-precision
           r = 
ULT16_32_Q15(QCONST16(.7,15),r) + MULT16_32_Q15(QCONST16(.3,15),(spx_word32_t)(MULT16_32_Q15(RER,e)));
..\speexdsp-1.2rc3\libspeexdsp\mdf.c(1151): warning:  #1035-D: single-precision operand implicitly converted to double-precision
           r = 
ULT16_32_Q15(QCONST16(.7,15),r) + 
ULT16_32_Q15(QCONST16(.3,15),(spx_word32_t)(MULT16_32_Q15(RER,e)));
..\speexdsp-1.2rc3\libspeexdsp\mdf.c(1166): warning:  #1035-D: single-precision operand implicitly converted to double-precision
           if (tmp32 > .25*See)
..\speexdsp-1.2rc3\libspeexdsp\mdf.c(1167): warning:  #1035-D: single-precision operand implicitly converted to double-precision
              tmp32 = .25*See;
..\speexdsp-1.2rc3\libspeexdsp\mdf.c(1218): warning:  #1035-D: single-precision operand implicitly converted to double-precision
     if (st->leak_estimate>.5)
..\speexdsp-1.2rc3\libspeexdsp\mdf.c: 16 warnings, 0 errors
compiling preprocess.c...
..\speexdsp-1.2rc3\libspeexdsp\math_approx.h(56): warning:  #1035-D: single-precision operand implicitly converted to double-precision
     ran.f -= 1.5;
..\speexdsp-1.2rc3\libspeexdsp\math_approx.h(57): warning:  #1035-D: single-precision operand implicitly converted to double-precision
     return 3.4642*std*ran.f;
..\speexdsp-1.2rc3\libspeexdsp\math_approx.h(318): warning:  #1035-D: single-precision operand implicitly converted to double-precision
     if (x<
PX_PI_2)
..\speexdsp-1.2rc3\libspeexdsp\math_approx.h(323): warning:  #1035-D: single-precision operand implicitly converted to double-precision
        x = 
_PI-x;
..\speexdsp-1.2rc3\libspeexdsp\preprocess.c(277): warning:  #1035-D: single-precision operand implicitly converted to double-precision
        tmp = 
QR16_Q15(QCONST16(.5f,15)-MULT16_16_P15(QCONST16(.5f,15),spx_cos_norm(SHL32(EXTEND32(x),2))));
..\speexdsp-1.2rc3\libspeexdsp\preprocess.c(277): warning:  #1035-D: single-precision operand implicitly converted to double-precision
        tmp = 
QR16_Q15(QCONST16(.5f,15)-MULT16_16_P15(QCONST16(.5f,15),spx_cos_norm(SHL32(EXTEND32(x),2))));
..\speexdsp-1.2rc3\libspeexdsp\preprocess.c(366): warning:  #1035-D: single-precision operand implicitly converted to double-precision
           return 
RAC_SCALING*(1+.1296/x);
..\speexdsp-1.2rc3\libspeexdsp\preprocess.c(504): warning:  #1035-D: single-precision operand implicitly converted to double-precision
        float ff=((float)i)*.5*sampling_rate/((float)N);
..\speexdsp-1.2rc3\libspeexdsp\preprocess.c(515): warning:  #1035-D: single-precision operand implicitly converted to double-precision
     st->max_increase_step = exp(0.11513f * 12.*st->frame_size / st->sampling_rate);
..\speexdsp-1.2rc3\libspeexdsp\preprocess.c(516): warning:  #1035-D: single-precision operand implicitly converted to double-precision
     st->max_decrease_step = exp(-0.11513f * 40.*st->frame_size / st->sampling_rate);
..\speexdsp-1.2rc3\libspeexdsp\preprocess.c(583): warning:  #1035-D: single-precision operand implicitly converted to double-precision
        rate = .03*Pframe*Pframe;
..\speexdsp-1.2rc3\libspeexdsp\preprocess.c(591): warning:  #1035-D: single-precision operand implicitly converted to double-precision
     target_gain = 
MP_SCALE*st->agc_level*pow(st->loudness/(1e-4+st->loudness_accum), -1.0f/LOUDNESS_EXP);
..\speexdsp-1.2rc3\libspeexdsp\preprocess.c(593): warning:  #1035-D: single-precision operand implicitly converted to double-precision
     if ((Pframe>.5  && st->nb_adapt > 20) || target_gain < st->agc_gain)
..\speexdsp-1.2rc3\libspeexdsp\preprocess.c(740): warning:  #1035-D: single-precision operand implicitly converted to double-precision
     beta = 
AX16(QCONST16(.03,15),DIV32_16(Q15_ONE,st->nb_adapt));
..\speexdsp-1.2rc3\libspeexdsp\preprocess.c(740): warning:  #1035-D: single-precision operand implicitly converted to double-precision
     beta = 
AX16(QCONST16(.03,15),DIV32_16(Q15_ONE,st->nb_adapt));
..\speexdsp-1.2rc3\libspeexdsp\preprocess.c(1172): warning:  #1035-D: single-precision operand implicitly converted to double-precision
        (*(spx_int32_t*)ptr) = pow(st->loudness, 1.0/
OUDNESS_EXP);
..\speexdsp-1.2rc3\libspeexdsp\preprocess.c: 16 warnings, 0 errors
compiling resample.c...
..\speexdsp-1.2rc3\libspeexdsp\resample.c(251): warning:  #1035-D: single-precision operand implicitly converted to double-precision
     interp[3] =  -0.1666666667*frac + 0.1666666667*(frac*frac*frac);
..\speexdsp-1.2rc3\libspeexdsp\resample.c(252): warning:  #1035-D: single-precision operand implicitly converted to double-precision
     interp[2] = frac + 0.5*(frac*frac) - 0.5*(frac*frac*frac);
..\speexdsp-1.2rc3\libspeexdsp\resample.c(252): warning:  #1035-D: single-precision operand implicitly converted to double-precision
     interp[2] = frac + 0.5*(frac*frac) - 0.5*(frac*frac*frac);
..\speexdsp-1.2rc3\libspeexdsp\resample.c(254): warning:  #1035-D: single-precision operand implicitly converted to double-precision
     interp[0] = -0.3333333333*frac + 0.5*(frac*frac) - 0.1666666667*(frac*frac*frac);
..\speexdsp-1.2rc3\libspeexdsp\resample.c(254): warning:  #1035-D: single-precision operand implicitly converted to double-precision
     interp[0] = -0.3333333333*frac + 0.5*(frac*frac) - 0.1666666667*(frac*frac*frac);
..\speexdsp-1.2rc3\libspeexdsp\resample.c(299): warning:  #1035-D: single-precision operand implicitly converted to double-precision
     return cutoff*sin(
_PI*xx)/(M_PI*xx) * compute_func(fabs(2.*x/N), window_func);
..\speexdsp-1.2rc3\libspeexdsp\resample.c(299): warning:  #1035-D: single-precision operand implicitly converted to double-precision
     return cutoff*sin(
_PI*xx)/(
_PI*xx) * compute_func(fabs(2.*x/N), window_func);
..\speexdsp-1.2rc3\libspeexdsp\resample.c(299): warning:  #1035-D: single-precision operand implicitly converted to double-precision
     return cutoff*sin(
_PI*xx)/(
_PI*xx) * compute_func(fabs(2.*x/N), window_func);
..\speexdsp-1.2rc3\libspeexdsp\resample.c(329): warning:  #1035-D: single-precision operand implicitly converted to double-precision
     interp[2] = 1.-interp[0]-interp[1]-interp[3];
..\speexdsp-1.2rc3\libspeexdsp\resample.c(704): warning:  #1293-D: assignment in condition
        else if (!(mem = (spx_word16_t*)speex_realloc(st->mem, st->nb_channels*min_alloc_size * sizeof(*mem))))
..\speexdsp-1.2rc3\libspeexdsp\resample.c(1004): warning:  #1035-D: single-precision operand implicitly converted to double-precision
          out[j*ostride_save] = 
ORD2INT(ystack[j]);
..\speexdsp-1.2rc3\libspeexdsp\resample.c: 11 warnings, 0 errors
compiling scal.c...
..\speexdsp-1.2rc3\libspeexdsp\scal.c(130): warning:  #1035-D: single-precision operand implicitly converted to double-precision
     ran.f -= 1.5;
..\speexdsp-1.2rc3\libspeexdsp\scal.c(180): warning:  #1035-D: single-precision operand implicitly converted to double-precision
           beta = 1-sqrt(.4*amount);
..\speexdsp-1.2rc3\libspeexdsp\scal.c(182): warning:  #1035-D: single-precision operand implicitly converted to double-precision
           beta = 1-0.63246*amount;
..\speexdsp-1.2rc3\libspeexdsp\scal.c(204): warning:  #1035-D: single-precision operand implicitly converted to double-precision
        max_alpha = pow(.96+.04*(amount-1),order);
..\speexdsp-1.2rc3\libspeexdsp\scal.c(205): warning:  #1035-D: single-precision operand implicitly converted to double-precision
        if (max_alpha > .98/(1.+beta2))
..\speexdsp-1.2rc3\libspeexdsp\scal.c(206): warning:  #1035-D: single-precision operand implicitly converted to double-precision
           max_alpha = .98/(1.+beta2);
..\speexdsp-1.2rc3\libspeexdsp\scal.c(208): warning:  #1035-D: single-precision operand implicitly converted to double-precision
        alpha = alpha + .4*uni_rand(&st->seed);
..\speexdsp-1.2rc3\libspeexdsp\scal.c(155): warning:  #177-D: variable "N"  was declared but never referenced
        int N=2*st->frame_size;
..\speexdsp-1.2rc3\libspeexdsp\scal.c: 8 warnings, 0 errors
compiling smallft.c...
linking...
Program Size: Code=9794 RO-data=458 RW-data=32 ZI-data=2400  
FromELF: creating hex file...
"INMP441\INMP441.axf" - 0 Error(s), 69 Warning(s).
